<?xml version="1.0" encoding="UTF-8"?>
<testng-results skipped="0" failed="0" ignored="0" total="3" passed="3">
  <reporter-output>
  </reporter-output>
  <suite name="Suite" duration-ms="52" started-at="2018-08-26T15:57:27Z" finished-at="2018-08-26T15:57:28Z">
    <groups>
    </groups>
    <test name="Test" duration-ms="52" started-at="2018-08-26T15:57:27Z" finished-at="2018-08-26T15:57:28Z">
      <class name="loyalty.lux.demoTest">
        <test-method status="PASS" signature="div()[pri:0, instance:loyalty.lux.demoTest@7ac7a4e4]" name="div" duration-ms="12" started-at="2018-08-26T21:27:28Z" finished-at="2018-08-26T21:27:28Z">
          <reporter-output>
          </reporter-output>
        </test-method> <!-- div -->
        <test-method status="PASS" signature="min()[pri:0, instance:loyalty.lux.demoTest@7ac7a4e4]" name="min" duration-ms="0" started-at="2018-08-26T21:27:28Z" finished-at="2018-08-26T21:27:28Z">
          <reporter-output>
          </reporter-output>
        </test-method> <!-- min -->
        <test-method status="PASS" signature="sum()[pri:0, instance:loyalty.lux.demoTest@7ac7a4e4]" name="sum" duration-ms="0" started-at="2018-08-26T21:27:28Z" finished-at="2018-08-26T21:27:28Z">
          <reporter-output>
          </reporter-output>
        </test-method> <!-- sum -->
      </class> <!-- loyalty.lux.demoTest -->
    </test> <!-- Test -->
  </suite> <!-- Suite -->
</testng-results>
